[0m16:33:19.999239 [debug] [MainThread]: Sending event: {'category': 'dbt', 'action': 'invocation', 'label': 'start', 'context': [<snowplow_tracker.self_describing_json.SelfDescribingJson object at 0x000002775665ECF0>, <snowplow_tracker.self_describing_json.SelfDescribingJson object at 0x00000277587E3ED0>, <snowplow_tracker.self_describing_json.SelfDescribingJson object at 0x00000277587E3C50>]}


============================== 16:33:20.005487 | 9ab7265a-9a28-4999-b022-070d5b844432 ==============================
[0m16:33:20.005487 [info ] [MainThread]: Running with dbt=1.11.0-rc3
[0m16:33:20.006371 [debug] [MainThread]: running dbt with arguments {'invocation_command': 'dbt init chicago_crime_dbt', 'no_print': 'None', 'log_format': 'default', 'printer_width': '80', 'write_json': 'True', 'warn_error': 'None', 'log_path': 'logs', 'partial_parse': 'True', 'static_parser': 'True', 'send_anonymous_usage_stats': 'True', 'indirect_selection': 'eager', 'warn_error_options': 'WarnErrorOptionsV2(error=[], warn=[], silence=[])', 'fail_fast': 'False', 'use_experimental_parser': 'False', 'version_check': 'True', 'quiet': 'False', 'introspect': 'True', 'empty': 'None', 'log_cache_events': 'False', 'debug': 'False', 'profiles_dir': 'C:\\Users\\Microsoft\\.dbt', 'use_colors': 'True', 'cache_selected_only': 'False', 'target_path': 'None'}
[0m16:33:20.040370 [debug] [MainThread]: Starter project path: C:\Users\Microsoft\anaconda3\Lib\site-packages\dbt\include\starter_project
[0m16:33:20.077520 [info ] [MainThread]: 
Your new dbt project "chicago_crime_dbt" was created!

For more information on how to configure the profiles.yml file,
please consult the dbt documentation here:

  https://docs.getdbt.com/docs/configure-your-profile

One more thing:

Need help? Don't hesitate to reach out to us via GitHub issues or on Slack:

  https://community.getdbt.com/

Happy modeling!

[0m16:33:20.078587 [info ] [MainThread]: Setting up your profile.
[0m16:34:42.516469 [info ] [MainThread]: Profile chicago_crime_dbt written to C:\Users\Microsoft\.dbt\profiles.yml using target's profile_template.yml and your supplied values. Run 'dbt debug' to validate the connection.
[0m16:34:42.519883 [debug] [MainThread]: Command `dbt init` succeeded at 16:34:42.519128 after 82.72 seconds
[0m16:34:42.521240 [debug] [MainThread]: Sending event: {'category': 'dbt', 'action': 'invocation', 'label': 'end', 'context': [<snowplow_tracker.self_describing_json.SelfDescribingJson object at 0x000002776800C510>, <snowplow_tracker.self_describing_json.SelfDescribingJson object at 0x00000277588A9A30>, <snowplow_tracker.self_describing_json.SelfDescribingJson object at 0x000002775649A360>]}
[0m16:34:42.521784 [debug] [MainThread]: Flushing usage events
[0m16:34:43.322645 [debug] [MainThread]: An error was encountered while trying to flush usage events
[0m16:36:35.363838 [debug] [MainThread]: Sending event: {'category': 'dbt', 'action': 'invocation', 'label': 'start', 'context': [<snowplow_tracker.self_describing_json.SelfDescribingJson object at 0x0000028F6974ECF0>, <snowplow_tracker.self_describing_json.SelfDescribingJson object at 0x0000028F6B8DBED0>, <snowplow_tracker.self_describing_json.SelfDescribingJson object at 0x0000028F6B8DBC50>]}


============================== 16:36:35.370295 | 28859f6f-ea86-4d0c-8ca1-41e0a5174ba4 ==============================
[0m16:36:35.370295 [info ] [MainThread]: Running with dbt=1.11.0-rc3
[0m16:36:35.371131 [debug] [MainThread]: running dbt with arguments {'invocation_command': 'dbt run', 'no_print': 'None', 'profiles_dir': 'C:\\Users\\Microsoft\\.dbt', 'write_json': 'True', 'printer_width': '80', 'warn_error': 'None', 'static_parser': 'True', 'partial_parse': 'True', 'log_path': 'logs', 'send_anonymous_usage_stats': 'True', 'fail_fast': 'False', 'warn_error_options': 'WarnErrorOptionsV2(error=[], warn=[], silence=[])', 'indirect_selection': 'eager', 'use_experimental_parser': 'False', 'version_check': 'True', 'quiet': 'False', 'introspect': 'True', 'empty': 'False', 'log_cache_events': 'False', 'debug': 'False', 'log_format': 'default', 'use_colors': 'True', 'cache_selected_only': 'False', 'target_path': 'None'}
[0m16:36:35.372017 [error] [MainThread]: Encountered an error:
Runtime Error
  No dbt_project.yml found at expected path C:\Users\Microsoft\Desktop\Projects\Python Projects\chicago-crime-dbt2\dbt_project.yml
  Verify that each entry within packages.yml (and their transitive dependencies) contains a file named dbt_project.yml
  
[0m16:36:35.373666 [debug] [MainThread]: Command `dbt run` failed at 16:36:35.373451 after 0.24 seconds
[0m16:36:35.374207 [debug] [MainThread]: Sending event: {'category': 'dbt', 'action': 'invocation', 'label': 'end', 'context': [<snowplow_tracker.self_describing_json.SelfDescribingJson object at 0x0000028F6B7E6C40>, <snowplow_tracker.self_describing_json.SelfDescribingJson object at 0x0000028F6B7DD5B0>, <snowplow_tracker.self_describing_json.SelfDescribingJson object at 0x0000028F6B8F9AE0>]}
[0m16:36:35.374709 [debug] [MainThread]: Flushing usage events
[0m16:36:36.069947 [debug] [MainThread]: An error was encountered while trying to flush usage events
[0m16:36:48.874875 [debug] [MainThread]: Sending event: {'category': 'dbt', 'action': 'invocation', 'label': 'start', 'context': [<snowplow_tracker.self_describing_json.SelfDescribingJson object at 0x00000170B9BBECF0>, <snowplow_tracker.self_describing_json.SelfDescribingJson object at 0x00000170BBD4BED0>, <snowplow_tracker.self_describing_json.SelfDescribingJson object at 0x00000170BBD4BC50>]}


============================== 16:36:48.881000 | 6b882791-8742-4053-9fcf-2866edaa1198 ==============================
[0m16:36:48.881000 [info ] [MainThread]: Running with dbt=1.11.0-rc3
[0m16:36:48.881844 [debug] [MainThread]: running dbt with arguments {'profiles_dir': 'C:\\Users\\Microsoft\\.dbt', 'cache_selected_only': 'False', 'write_json': 'True', 'no_print': 'None', 'use_colors': 'True', 'warn_error': 'None', 'log_path': 'logs', 'partial_parse': 'True', 'static_parser': 'True', 'send_anonymous_usage_stats': 'True', 'fail_fast': 'False', 'warn_error_options': 'WarnErrorOptionsV2(error=[], warn=[], silence=[])', 'indirect_selection': 'eager', 'use_experimental_parser': 'False', 'version_check': 'True', 'introspect': 'True', 'quiet': 'False', 'empty': 'None', 'log_cache_events': 'False', 'debug': 'False', 'log_format': 'default', 'invocation_command': 'dbt test', 'printer_width': '80', 'target_path': 'None'}
[0m16:36:48.882571 [error] [MainThread]: Encountered an error:
Runtime Error
  No dbt_project.yml found at expected path C:\Users\Microsoft\Desktop\Projects\Python Projects\chicago-crime-dbt2\dbt_project.yml
  Verify that each entry within packages.yml (and their transitive dependencies) contains a file named dbt_project.yml
  
[0m16:36:48.884438 [debug] [MainThread]: Command `dbt test` failed at 16:36:48.884175 after 0.22 seconds
[0m16:36:48.885102 [debug] [MainThread]: Sending event: {'category': 'dbt', 'action': 'invocation', 'label': 'end', 'context': [<snowplow_tracker.self_describing_json.SelfDescribingJson object at 0x00000170BBC56C40>, <snowplow_tracker.self_describing_json.SelfDescribingJson object at 0x00000170BBC4D5B0>, <snowplow_tracker.self_describing_json.SelfDescribingJson object at 0x00000170BBD6DAE0>]}
[0m16:36:48.885717 [debug] [MainThread]: Flushing usage events
[0m16:36:50.645449 [debug] [MainThread]: An error was encountered while trying to flush usage events
[0m16:37:05.514105 [debug] [MainThread]: Sending event: {'category': 'dbt', 'action': 'invocation', 'label': 'start', 'context': [<snowplow_tracker.self_describing_json.SelfDescribingJson object at 0x00000266A4B8ECF0>, <snowplow_tracker.self_describing_json.SelfDescribingJson object at 0x00000266A6D1BED0>, <snowplow_tracker.self_describing_json.SelfDescribingJson object at 0x00000266A6D1BC50>]}


============================== 16:37:05.520758 | 1181f20f-95e9-4851-a77f-aef00ddd34fe ==============================
[0m16:37:05.520758 [info ] [MainThread]: Running with dbt=1.11.0-rc3
[0m16:37:05.521662 [debug] [MainThread]: running dbt with arguments {'use_colors': 'True', 'log_format': 'default', 'printer_width': '80', 'profiles_dir': 'C:\\Users\\Microsoft\\.dbt', 'write_json': 'True', 'warn_error': 'None', 'log_path': 'logs', 'partial_parse': 'True', 'indirect_selection': 'eager', 'send_anonymous_usage_stats': 'True', 'static_parser': 'True', 'warn_error_options': 'WarnErrorOptionsV2(error=[], warn=[], silence=[])', 'fail_fast': 'False', 'version_check': 'True', 'use_experimental_parser': 'False', 'quiet': 'False', 'introspect': 'True', 'empty': 'None', 'log_cache_events': 'False', 'debug': 'False', 'no_print': 'None', 'invocation_command': 'dbt test', 'cache_selected_only': 'False', 'target_path': 'None'}
[0m16:37:05.522616 [error] [MainThread]: Encountered an error:
Runtime Error
  No dbt_project.yml found at expected path C:\Users\Microsoft\Desktop\Projects\Python Projects\chicago-crime-dbt2\dbt_project.yml
  Verify that each entry within packages.yml (and their transitive dependencies) contains a file named dbt_project.yml
  
[0m16:37:05.524428 [debug] [MainThread]: Command `dbt test` failed at 16:37:05.524208 after 0.21 seconds
[0m16:37:05.525021 [debug] [MainThread]: Sending event: {'category': 'dbt', 'action': 'invocation', 'label': 'end', 'context': [<snowplow_tracker.self_describing_json.SelfDescribingJson object at 0x00000266A6C26C40>, <snowplow_tracker.self_describing_json.SelfDescribingJson object at 0x00000266A6C1D5B0>, <snowplow_tracker.self_describing_json.SelfDescribingJson object at 0x00000266A6D3DAE0>]}
[0m16:37:05.525594 [debug] [MainThread]: Flushing usage events
[0m16:37:07.787328 [debug] [MainThread]: An error was encountered while trying to flush usage events
[0m14:06:12.848562 [debug] [MainThread]: Sending event: {'category': 'dbt', 'action': 'invocation', 'label': 'start', 'context': [<snowplow_tracker.self_describing_json.SelfDescribingJson object at 0x000001B24239ECF0>, <snowplow_tracker.self_describing_json.SelfDescribingJson object at 0x000001B244523ED0>, <snowplow_tracker.self_describing_json.SelfDescribingJson object at 0x000001B244523C50>]}


============================== 14:06:12.855027 | dd1d504a-9863-4339-9e4b-d8a4191560d4 ==============================
[0m14:06:12.855027 [info ] [MainThread]: Running with dbt=1.11.0-rc3
[0m14:06:12.855909 [debug] [MainThread]: running dbt with arguments {'write_json': 'True', 'profiles_dir': 'C:\\Users\\Microsoft\\.dbt', 'cache_selected_only': 'False', 'no_print': 'None', 'invocation_command': 'dbt clean', 'warn_error': 'None', 'static_parser': 'True', 'fail_fast': 'False', 'log_path': 'logs', 'send_anonymous_usage_stats': 'True', 'partial_parse': 'True', 'warn_error_options': 'WarnErrorOptionsV2(error=[], warn=[], silence=[])', 'indirect_selection': 'eager', 'version_check': 'True', 'use_experimental_parser': 'False', 'introspect': 'True', 'quiet': 'False', 'empty': 'None', 'log_cache_events': 'False', 'debug': 'False', 'log_format': 'default', 'use_colors': 'True', 'printer_width': '80', 'target_path': 'None'}
[0m14:06:12.856809 [error] [MainThread]: Encountered an error:
Runtime Error
  No dbt_project.yml found at expected path C:\Users\Microsoft\Desktop\Projects\Python Projects\chicago-crime-dbt2\dbt_project.yml
  Verify that each entry within packages.yml (and their transitive dependencies) contains a file named dbt_project.yml
  
[0m14:06:12.858334 [debug] [MainThread]: Command `dbt clean` failed at 14:06:12.858142 after 0.27 seconds
[0m14:06:12.858838 [debug] [MainThread]: Sending event: {'category': 'dbt', 'action': 'invocation', 'label': 'end', 'context': [<snowplow_tracker.self_describing_json.SelfDescribingJson object at 0x000001B244436C40>, <snowplow_tracker.self_describing_json.SelfDescribingJson object at 0x000001B24442D6D0>, <snowplow_tracker.self_describing_json.SelfDescribingJson object at 0x000001B244545AE0>]}
[0m14:06:12.859330 [debug] [MainThread]: Flushing usage events
[0m14:06:13.620325 [debug] [MainThread]: An error was encountered while trying to flush usage events
